<?xml version="1.0" encoding="UTF-8"?>
<!-- Generated by org.testng.reporters.JUnitXMLReporter -->
<testsuite ignored="0" hostname="AJRL141" failures="0" tests="11" name="Test" time="928.426" errors="0" timestamp="27 Apr 2023 05:04:29 GMT">
  <testcase classname="com.mqa.testcases.CallSettingsTest" name="CallSettings_Ringmyphone" time="47.731"/>
  <testcase classname="com.mqa.testcases.LoginTest" name="Login" time="16.504"/>
  <testcase classname="com.mqa.testcases.InboxTest" name="VerifySentMessage_WithInAct" time="63.059"/>
  <testcase classname="com.mqa.testcases.CallHistoryTest" name="CallHistory" time="25.394"/>
  <testcase classname="com.mqa.testcases.VoicemailsTest" name="Voicemail" time="18.156"/>
  <testcase classname="com.mqa.testcases.GreetingsTest" name="Verify_create_Greetings" time="44.681"/>
  <testcase classname="com.mqa.testcases.SchedulesTest" name="Verify_create_Schedules" time="45.515"/>
  <testcase classname="com.mqa.testcases.MenusTest" name="Verify_create_Menus" time="48.559"/>
  <testcase classname="com.mqa.testcases.SharedGreetings" name="Verify_create_SharedGreetings" time="66.337"/>
  <testcase classname="com.mqa.testcases.SharedMenus" name="Verify_create_SharedMenu" time="71.212"/>
  <testcase classname="com.mqa.testcases.CallHandlers" name="Verify_create_CallHandlers" time="52.277"/>
</testsuite> <!-- Test -->
